[18:16:50] [Client thread/INFO]: Setting user: Player150
[18:16:52] [Client thread/INFO]: LWJGL Version: 2.9.1
[18:16:55] [Client thread/INFO]: Reloading ResourceManager: Default, FMLFileResourcePack:Forge Mod Loader, FMLFileResourcePack:Minecraft Forge, FMLFileResourcePack:Milocraft
[18:16:55] [Sound Library Loader/INFO]: Starting up SoundSystem...
[18:16:55] [Thread-7/INFO]: Initializing LWJGL OpenAL
[18:16:55] [Thread-7/INFO]: (The LWJGL binding of OpenAL.  For more information, see http://www.lwjgl.org)
[18:16:55] [Thread-7/INFO]: OpenAL initialized.
[18:16:56] [Sound Library Loader/INFO]: Sound engine started
[18:16:58] [Client thread/WARN]: Texture milocraft:textures/blocks/test_block/particle.png with size 4x4 limits mip level from 4 to 2
[18:16:58] [Client thread/INFO]: Created: 512x512 textures-atlas
[18:16:59] [Client thread/INFO]: Reloading ResourceManager: Default, FMLFileResourcePack:Forge Mod Loader, FMLFileResourcePack:Minecraft Forge, FMLFileResourcePack:Milocraft
[18:16:59] [Client thread/INFO]: SoundSystem shutting down...
[18:16:59] [Client thread/WARN]: Author: Paul Lamb, www.paulscode.com
[18:16:59] [Sound Library Loader/INFO]: Starting up SoundSystem...
[18:16:59] [Thread-9/INFO]: Initializing LWJGL OpenAL
[18:16:59] [Thread-9/INFO]: (The LWJGL binding of OpenAL.  For more information, see http://www.lwjgl.org)
[18:16:59] [Thread-9/INFO]: OpenAL initialized.
[18:17:00] [Sound Library Loader/INFO]: Sound engine started
[18:17:02] [Client thread/INFO]: Created: 512x512 textures-atlas
[18:17:06] [Server thread/INFO]: Starting integrated minecraft server version 1.8
[18:17:06] [Server thread/INFO]: Generating keypair
[18:17:06] [Server thread/INFO]: Preparing start region for level 0
[18:17:07] [Server thread/INFO]: Changing view distance to 12, from 10
[18:17:08] [Server thread/INFO]: Player150[local:E:d56d6175] logged in with entity id 188 at (-165.52996977701355, 65.0, 263.4925627754743)
[18:17:08] [Server thread/INFO]: Player150 joined the game
[18:17:24] [Server thread/INFO]: Player150 has just earned the achievement [Taking Inventory]
[18:17:24] [Client thread/INFO]: [CHAT] Player150 has just earned the achievement [Taking Inventory]
[18:17:38] [Server thread/INFO]: Saving and pausing game...
[18:17:38] [Server thread/INFO]: Saving chunks for level 'New World'/Overworld
[18:17:38] [Server thread/INFO]: Saving chunks for level 'New World'/Nether
[18:17:38] [Server thread/INFO]: Saving chunks for level 'New World'/The End
[18:17:39] [Server thread/INFO]: Stopping server
[18:17:39] [Server thread/INFO]: Saving players
[18:17:39] [Server thread/INFO]: Saving worlds
[18:17:39] [Server thread/INFO]: Saving chunks for level 'New World'/Overworld
[18:17:39] [Server thread/INFO]: Saving chunks for level 'New World'/Nether
[18:17:39] [Server thread/INFO]: Saving chunks for level 'New World'/The End
[18:17:40] [Client thread/INFO]: Stopping!
[18:17:40] [Client thread/INFO]: SoundSystem shutting down...
[18:17:40] [Client thread/WARN]: Author: Paul Lamb, www.paulscode.com
